Using pre-set license
Built from '2020.3/staging' branch; Version is '2020.3.6f1 (338bb68529b2) revision 3378102'; Using compiler version '192528614'; Build Type 'Release'
OS: 'Windows 7  (6.1.0) 64bit' Language: 'en' Physical Memory: 8156 MB
BatchMode: 1, IsHumanControllingUs: 0, StartBugReporterOnCrash: 0, Is64bit: 1, IsPro: 0

 COMMAND LINE ARGUMENTS:
C:\Program Files\Unity\Hub\Editor\2020.3.6f1\Editor\Unity.exe
-adb2
-batchMode
-noUpm
-name
AssetImportWorker0
-projectPath
C:/Users/rt/Desktop/IT/Unity/FlappyBird/Flappy Bird
-logFile
Logs/AssetImportWorker0.log
-srvPort
57681
Successfully changed project path to: C:/Users/rt/Desktop/IT/Unity/FlappyBird/Flappy Bird
C:/Users/rt/Desktop/IT/Unity/FlappyBird/Flappy Bird
Using Asset Import Pipeline V2.
Refreshing native plugins compatible for Editor in 41.80 ms, found 1 plugins.
Preloading 0 native plugins for Editor in 0.00 ms.
Initialize engine version: 2020.3.6f1 (338bb68529b2)
[Subsystems] Discovering subsystems at path C:/Program Files/Unity/Hub/Editor/2020.3.6f1/Editor/Data/Resources/UnitySubsystems
[Subsystems] Discovering subsystems at path C:/Users/rt/Desktop/IT/Unity/FlappyBird/Flappy Bird/Assets
GfxDevice: creating device client; threaded=0
d3d11: CreateDXGIFactory2(...) not found, fallbacking to CreateDXGIFactory1(...).
d3d11: QueryInterface(IDXGIFactory5) failed (80004002).
Direct3D:
    Version:  Direct3D 11.0 [level 11.0]
    Renderer: NVIDIA GeForce GTX 1650 (ID=0x1f82)
    Vendor:   
    VRAM:     3950 MB
    Driver:   27.21.14.5148
Initialize mono
Mono path[0] = 'C:/Program Files/Unity/Hub/Editor/2020.3.6f1/Editor/Data/Managed'
Mono path[1] = 'C:/Program Files/Unity/Hub/Editor/2020.3.6f1/Editor/Data/MonoBleedingEdge/lib/mono/unityjit'
Mono config path = 'C:/Program Files/Unity/Hub/Editor/2020.3.6f1/Editor/Data/MonoBleedingEdge/etc'
Using monoOptions --debugger-agent=transport=dt_socket,embedding=1,server=y,suspend=n,address=127.0.0.1:56884
Begin MonoManager ReloadAssembly
Registering precompiled unity dll's ...
Register platform support module: C:/Program Files/Unity/Hub/Editor/2020.3.6f1/Editor/Data/PlaybackEngines/WindowsStandaloneSupport/UnityEditor.WindowsStandalone.Extensions.dll
Registered in 0.002478 seconds.
Native extension for WindowsStandalone target not found
Refreshing native plugins compatible for Editor in 39.47 ms, found 1 plugins.
Preloading 0 native plugins for Editor in 0.00 ms.
Mono: successfully reloaded assembly
- Completed reload, in  2.268 seconds
Platform modules already initialized, skipping
Registering precompiled user dll's ...
Registered in 0.001297 seconds.
Begin MonoManager ReloadAssembly
Native extension for WindowsStandalone target not found
Refreshing native plugins compatible for Editor in 38.39 ms, found 1 plugins.
Preloading 0 native plugins for Editor in 0.00 ms.
Mono: successfully reloaded assembly
- Completed reload, in  1.033 seconds
Platform modules already initialized, skipping
========================================================================
Worker process is ready to serve import requests
Launched and connected shader compiler UnityShaderCompiler.exe after 0.03 seconds
Refreshing native plugins compatible for Editor in 0.44 ms, found 1 plugins.
Preloading 0 native plugins for Editor in 0.00 ms.
Unloading 1866 Unused Serialized files (Serialized files now loaded: 0)
System memory in use before: 88.2 MB.
System memory in use after: 88.2 MB.

Unloading 24 unused Assets to reduce memory usage. Loaded Objects now: 2309.
Total: 2.630351 ms (FindLiveObjects: 0.201418 ms CreateObjectMapping: 0.085333 ms MarkObjects: 2.194268 ms  DeleteObjects: 0.147670 ms)

========================================================================
Received Import Request.
  path: Assets/TextMesh Pro/Resources/Fonts & Materials/LiberationSans SDF - Fallback.asset
  artifactKey: Guid(2e498d1c8094910479dc3e1b768306a4) Importer(815301076,1909f56bfc062723c751e8b465ee728b)
Start importing Assets/TextMesh Pro/Resources/Fonts & Materials/LiberationSans SDF - Fallback.asset using Guid(2e498d1c8094910479dc3e1b768306a4) Importer(815301076,1909f56bfc062723c751e8b465ee728b)  -> (artifact id: '96e713e2298a9e94915a45c3ee9d4191') in 0.174545 seconds
  Import took 0.178470 seconds .

========================================================================
Received Import Request.
  Time since last request: 0.000243 seconds.
  path: Assets/Sprites/Birds.png
  artifactKey: Guid(fe175ab1238f6b24d8c45183bb18d536) Importer(815301076,1909f56bfc062723c751e8b465ee728b)
Start importing Assets/Sprites/Birds.png using Guid(fe175ab1238f6b24d8c45183bb18d536) Importer(815301076,1909f56bfc062723c751e8b465ee728b)  -> (artifact id: 'c49d7a0d041664a2b8ab53eb8caf6648') in 0.040743 seconds
  Import took 0.045416 seconds .

========================================================================
Received Import Request.
  Time since last request: 191.132510 seconds.
  path: Assets/Sprites/Logo.png
  artifactKey: Guid(f3f643372a030b84cbe4c308ae6f4490) Importer(815301076,1909f56bfc062723c751e8b465ee728b)
Start importing Assets/Sprites/Logo.png using Guid(f3f643372a030b84cbe4c308ae6f4490) Importer(815301076,1909f56bfc062723c751e8b465ee728b)  -> (artifact id: '23cff941bd29dbfd92b4ed3efc0cf13e') in 0.012822 seconds
  Import took 0.016742 seconds .

========================================================================
Received Import Request.
  Time since last request: 16.403383 seconds.
  path: Assets/Sprites/Logo.png
  artifactKey: Guid(f3f643372a030b84cbe4c308ae6f4490) Importer(815301076,1909f56bfc062723c751e8b465ee728b)
Start importing Assets/Sprites/Logo.png using Guid(f3f643372a030b84cbe4c308ae6f4490) Importer(815301076,1909f56bfc062723c751e8b465ee728b)  -> (artifact id: '53589308cf10c89317605e1f37d1851a') in 0.012756 seconds
  Import took 0.016918 seconds .

========================================================================
Received Import Request.
  Time since last request: 0.019630 seconds.
  path: Assets/Sprites/Logo.png
  artifactKey: Guid(f3f643372a030b84cbe4c308ae6f4490) Importer(815301076,1909f56bfc062723c751e8b465ee728b)
Start importing Assets/Sprites/Logo.png using Guid(f3f643372a030b84cbe4c308ae6f4490) Importer(815301076,1909f56bfc062723c751e8b465ee728b)  -> (artifact id: '53589308cf10c89317605e1f37d1851a') in 0.014057 seconds
  Import took 0.017971 seconds .

========================================================================
Received Prepare
Refreshing native plugins compatible for Editor in 4.13 ms, found 1 plugins.
Preloading 0 native plugins for Editor in 0.00 ms.
Unloading 10 Unused Serialized files (Serialized files now loaded: 0)
System memory in use before: 54.5 MB.
System memory in use after: 54.5 MB.

Unloading 10 unused Assets to reduce memory usage. Loaded Objects now: 2358.
Total: 2.613451 ms (FindLiveObjects: 0.198648 ms CreateObjectMapping: 0.083670 ms MarkObjects: 2.228069 ms  DeleteObjects: 0.100848 ms)

========================================================================
Received Import Request.
  Time since last request: 124.790714 seconds.
  path: Assets/Sprites/Logo.png
  artifactKey: Guid(f3f643372a030b84cbe4c308ae6f4490) Importer(815301076,1909f56bfc062723c751e8b465ee728b)
Start importing Assets/Sprites/Logo.png using Guid(f3f643372a030b84cbe4c308ae6f4490) Importer(815301076,1909f56bfc062723c751e8b465ee728b)  -> (artifact id: '921b36c996f9e35415af797be062eb4f') in 0.012684 seconds
  Import took 0.016359 seconds .

========================================================================
Received Import Request.
  Time since last request: 0.019769 seconds.
  path: Assets/Sprites/Logo.png
  artifactKey: Guid(f3f643372a030b84cbe4c308ae6f4490) Importer(815301076,1909f56bfc062723c751e8b465ee728b)
Start importing Assets/Sprites/Logo.png using Guid(f3f643372a030b84cbe4c308ae6f4490) Importer(815301076,1909f56bfc062723c751e8b465ee728b)  -> (artifact id: '921b36c996f9e35415af797be062eb4f') in 0.014175 seconds
  Import took 0.018033 seconds .

========================================================================
Received Import Request.
  Time since last request: 10.921071 seconds.
  path: Assets/Sprites/Logo.png
  artifactKey: Guid(f3f643372a030b84cbe4c308ae6f4490) Importer(815301076,1909f56bfc062723c751e8b465ee728b)
Start importing Assets/Sprites/Logo.png using Guid(f3f643372a030b84cbe4c308ae6f4490) Importer(815301076,1909f56bfc062723c751e8b465ee728b)  -> (artifact id: 'e566b90af8ef6d6702a972decbe94520') in 0.013367 seconds
  Import took 0.017391 seconds .

========================================================================
Received Import Request.
  Time since last request: 0.018980 seconds.
  path: Assets/Sprites/Logo.png
  artifactKey: Guid(f3f643372a030b84cbe4c308ae6f4490) Importer(815301076,1909f56bfc062723c751e8b465ee728b)
Start importing Assets/Sprites/Logo.png using Guid(f3f643372a030b84cbe4c308ae6f4490) Importer(815301076,1909f56bfc062723c751e8b465ee728b)  -> (artifact id: 'e566b90af8ef6d6702a972decbe94520') in 0.013884 seconds
  Import took 0.017251 seconds .

AssetImportWorkerClient::OnTransportError - code=2 error=End of file
